<?xml version="1.0" encoding="UTF-8"?>
<testsuite name="org.dal.nailshop.product.ProductServiceTests" tests="1" skipped="0" failures="0" errors="0" timestamp="2025-04-18T08:48:44.262Z" hostname="WIN-9JRO9RKHA2S" time="0.531">
  <properties/>
  <testcase name="testAddProduct()" classname="org.dal.nailshop.product.ProductServiceTests" time="0.531"/>
  <system-out><![CDATA[17:48:38.216 [Test worker] INFO org.springframework.test.context.support.AnnotationConfigContextLoaderUtils -- Could not detect default configuration classes for test class [org.dal.nailshop.product.ProductServiceTests]: ProductServiceTests does not declare any static, non-private, non-final, nested classes annotated with @Configuration.
17:48:38.368 [Test worker] INFO org.springframework.boot.test.context.SpringBootTestContextBootstrapper -- Found @SpringBootConfiguration org.dal.nailshop.NailshopApplication for test class org.dal.nailshop.product.ProductServiceTests

  .   ____          _            __ _ _
 /\\ / ___'_ __ _ _(_)_ __  __ _ \ \ \ \
( ( )\___ | '_ | '_| | '_ \/ _` | \ \ \ \
 \\/  ___)| |_)| | | | | || (_| |  ) ) ) )
  '  |____| .__|_| |_|_| |_\__, | / / / /
 =========|_|==============|___/=/_/_/_/

?[32m :: Spring Boot :: ?[39m              ?[2m (v3.4.4)?[0;39m

?[2m2025-04-18T17:48:38.840+09:00?[0;39m ?[32m INFO?[0;39m ?[35m14792?[0;39m ?[2m--- [    Test worker] ?[0;39m?[36mo.d.n.product.ProductServiceTests       ?[0;39m ?[2m:?[0;39m Starting ProductServiceTests using Java 17.0.13 with PID 14792 (started by user in C:\reactex\nailshop)
?[2m2025-04-18T17:48:38.841+09:00?[0;39m ?[32m INFO?[0;39m ?[35m14792?[0;39m ?[2m--- [    Test worker] ?[0;39m?[36mo.d.n.product.ProductServiceTests       ?[0;39m ?[2m:?[0;39m No active profile set, falling back to 1 default profile: "default"
?[2m2025-04-18T17:48:39.763+09:00?[0;39m ?[32m INFO?[0;39m ?[35m14792?[0;39m ?[2m--- [    Test worker] ?[0;39m?[36m.s.d.r.c.RepositoryConfigurationDelegate?[0;39m ?[2m:?[0;39m Bootstrapping Spring Data JPA repositories in DEFAULT mode.
?[2m2025-04-18T17:48:39.842+09:00?[0;39m ?[32m INFO?[0;39m ?[35m14792?[0;39m ?[2m--- [    Test worker] ?[0;39m?[36m.s.d.r.c.RepositoryConfigurationDelegate?[0;39m ?[2m:?[0;39m Finished Spring Data repository scanning in 69 ms. Found 3 JPA repository interfaces.
?[2m2025-04-18T17:48:40.545+09:00?[0;39m ?[32m INFO?[0;39m ?[35m14792?[0;39m ?[2m--- [    Test worker] ?[0;39m?[36mo.hibernate.jpa.internal.util.LogHelper ?[0;39m ?[2m:?[0;39m HHH000204: Processing PersistenceUnitInfo [name: default]
?[2m2025-04-18T17:48:40.627+09:00?[0;39m ?[32m INFO?[0;39m ?[35m14792?[0;39m ?[2m--- [    Test worker] ?[0;39m?[36morg.hibernate.Version                   ?[0;39m ?[2m:?[0;39m HHH000412: Hibernate ORM core version 6.6.11.Final
?[2m2025-04-18T17:48:40.685+09:00?[0;39m ?[32m INFO?[0;39m ?[35m14792?[0;39m ?[2m--- [    Test worker] ?[0;39m?[36mo.h.c.internal.RegionFactoryInitiator   ?[0;39m ?[2m:?[0;39m HHH000026: Second-level cache disabled
?[2m2025-04-18T17:48:41.047+09:00?[0;39m ?[32m INFO?[0;39m ?[35m14792?[0;39m ?[2m--- [    Test worker] ?[0;39m?[36mo.s.o.j.p.SpringPersistenceUnitInfo     ?[0;39m ?[2m:?[0;39m No LoadTimeWeaver setup: ignoring JPA class transformer
?[2m2025-04-18T17:48:41.076+09:00?[0;39m ?[32m INFO?[0;39m ?[35m14792?[0;39m ?[2m--- [    Test worker] ?[0;39m?[36mcom.zaxxer.hikari.HikariDataSource      ?[0;39m ?[2m:?[0;39m HikariPool-1 - Starting...
?[2m2025-04-18T17:48:41.136+09:00?[0;39m ?[32m INFO?[0;39m ?[35m14792?[0;39m ?[2m--- [    Test worker] ?[0;39m?[36mcom.zaxxer.hikari.pool.HikariPool       ?[0;39m ?[2m:?[0;39m HikariPool-1 - Added connection org.mariadb.jdbc.Connection@3275a47f
?[2m2025-04-18T17:48:41.138+09:00?[0;39m ?[32m INFO?[0;39m ?[35m14792?[0;39m ?[2m--- [    Test worker] ?[0;39m?[36mcom.zaxxer.hikari.HikariDataSource      ?[0;39m ?[2m:?[0;39m HikariPool-1 - Start completed.
?[2m2025-04-18T17:48:41.182+09:00?[0;39m ?[32m INFO?[0;39m ?[35m14792?[0;39m ?[2m--- [    Test worker] ?[0;39m?[36morg.hibernate.orm.connections.pooling   ?[0;39m ?[2m:?[0;39m HHH10001005: Database info:
	Database JDBC URL [Connecting through datasource 'HikariDataSource (HikariPool-1)']
	Database driver: undefined/unknown
	Database version: 11.4.4
	Autocommit mode: undefined/unknown
	Isolation level: undefined/unknown
	Minimum pool size: undefined/unknown
	Maximum pool size: undefined/unknown
?[2m2025-04-18T17:48:42.167+09:00?[0;39m ?[32m INFO?[0;39m ?[35m14792?[0;39m ?[2m--- [    Test worker] ?[0;39m?[36mo.h.e.t.j.p.i.JtaPlatformInitiator      ?[0;39m ?[2m:?[0;39m HHH000489: No JTA platform available (set 'hibernate.transaction.jta.platform' to enable JTA platform integration)
?[2m2025-04-18T17:48:42.223+09:00?[0;39m ?[32m INFO?[0;39m ?[35m14792?[0;39m ?[2m--- [    Test worker] ?[0;39m?[36mj.LocalContainerEntityManagerFactoryBean?[0;39m ?[2m:?[0;39m Initialized JPA EntityManagerFactory for persistence unit 'default'
?[2m2025-04-18T17:48:42.528+09:00?[0;39m ?[32m INFO?[0;39m ?[35m14792?[0;39m ?[2m--- [    Test worker] ?[0;39m?[36mo.s.d.j.r.query.QueryEnhancerFactory    ?[0;39m ?[2m:?[0;39m Hibernate is in classpath; If applicable, HQL parser will be used.
?[2m2025-04-18T17:48:43.309+09:00?[0;39m ?[33m WARN?[0;39m ?[35m14792?[0;39m ?[2m--- [    Test worker] ?[0;39m?[36mJpaBaseConfiguration$JpaWebConfiguration?[0;39m ?[2m:?[0;39m spring.jpa.open-in-view is enabled by default. Therefore, database queries may be performed during view rendering. Explicitly configure spring.jpa.open-in-view to disable this warning
?[2m2025-04-18T17:48:43.350+09:00?[0;39m ?[32mTRACE?[0;39m ?[35m14792?[0;39m ?[2m--- [    Test worker] ?[0;39m?[36meGlobalAuthenticationAutowiredConfigurer?[0;39m ?[2m:?[0;39m Eagerly initializing {org.springframework.boot.autoconfigure.security.servlet.SpringBootWebSecurityConfiguration$WebSecurityEnablerConfiguration=org.springframework.boot.autoconfigure.security.servlet.SpringBootWebSecurityConfiguration$WebSecurityEnablerConfiguration@77bca6d6}
?[2m2025-04-18T17:48:43.357+09:00?[0;39m ?[33m WARN?[0;39m ?[35m14792?[0;39m ?[2m--- [    Test worker] ?[0;39m?[36m.s.s.UserDetailsServiceAutoConfiguration?[0;39m ?[2m:?[0;39m 

Using generated security password: f442e529-9e5e-4c66-a18e-4d16722b5503

This generated password is for development use only. Your security configuration must be updated before running your application in production.

?[2m2025-04-18T17:48:43.386+09:00?[0;39m ?[32m INFO?[0;39m ?[35m14792?[0;39m ?[2m--- [    Test worker] ?[0;39m?[36mr$InitializeUserDetailsManagerConfigurer?[0;39m ?[2m:?[0;39m Global AuthenticationManager configured with UserDetailsService bean with name inMemoryUserDetailsManager
?[2m2025-04-18T17:48:43.451+09:00?[0;39m ?[32m INFO?[0;39m ?[35m14792?[0;39m ?[2m--- [    Test worker] ?[0;39m?[36mo.d.n.config.CustomSecurityConfig       ?[0;39m ?[2m:?[0;39m ------------------Security Config-----------------------
?[2m2025-04-18T17:48:43.504+09:00?[0;39m ?[32mDEBUG?[0;39m ?[35m14792?[0;39m ?[2m--- [    Test worker] ?[0;39m?[36mo.s.s.web.DefaultSecurityFilterChain    ?[0;39m ?[2m:?[0;39m Will secure any request with filters: DisableEncodeUrlFilter, WebAsyncManagerIntegrationFilter, SecurityContextHolderFilter, HeaderWriterFilter, CorsFilter, LogoutFilter, RequestCacheAwareFilter, SecurityContextHolderAwareRequestFilter, AnonymousAuthenticationFilter, SessionManagementFilter, ExceptionTranslationFilter
?[2m2025-04-18T17:48:44.241+09:00?[0;39m ?[32m INFO?[0;39m ?[35m14792?[0;39m ?[2m--- [    Test worker] ?[0;39m?[36mo.d.n.product.ProductServiceTests       ?[0;39m ?[2m:?[0;39m Started ProductServiceTests in 5.685 seconds (process running for 6.766)
Hibernate: 
    insert 
    into
        tbl_product
        (mod_date, pname, price, reg_date) 
    values
        (?, ?, ?, ?)
Hibernate: 
    insert 
    into
        tbl_product_img
        (product_pno, img_name, ord) 
    values
        (?, ?, ?)
Hibernate: 
    insert 
    into
        tbl_product_img
        (product_pno, img_name, ord) 
    values
        (?, ?, ?)
Hibernate: 
    insert 
    into
        tbl_product_img
        (product_pno, img_name, ord) 
    values
        (?, ?, ?)
?[2m2025-04-18T17:48:44.781+09:00?[0;39m ?[32m INFO?[0;39m ?[35m14792?[0;39m ?[2m--- [    Test worker] ?[0;39m?[36mo.d.n.product.ProductServiceTests       ?[0;39m ?[2m:?[0;39m 31
]]></system-out>
  <system-err><![CDATA[]]></system-err>
</testsuite>
