<?xml version="1.0" encoding="UTF-8"?>
<testsuite name="org.dal.nailshop.product.ProductReviewRepoTests" tests="1" skipped="0" failures="0" errors="0" timestamp="2025-04-20T13:56:14.085Z" hostname="WIN-9JRO9RKHA2S" time="0.507">
  <properties/>
  <testcase name="testFindbyId()" classname="org.dal.nailshop.product.ProductReviewRepoTests" time="0.507"/>
  <system-out><![CDATA[22:56:08.622 [Test worker] INFO org.springframework.test.context.support.AnnotationConfigContextLoaderUtils -- Could not detect default configuration classes for test class [org.dal.nailshop.product.ProductReviewRepoTests]: ProductReviewRepoTests does not declare any static, non-private, non-final, nested classes annotated with @Configuration.
22:56:08.746 [Test worker] INFO org.springframework.boot.test.context.SpringBootTestContextBootstrapper -- Found @SpringBootConfiguration org.dal.nailshop.NailshopApplication for test class org.dal.nailshop.product.ProductReviewRepoTests

  .   ____          _            __ _ _
 /\\ / ___'_ __ _ _(_)_ __  __ _ \ \ \ \
( ( )\___ | '_ | '_| | '_ \/ _` | \ \ \ \
 \\/  ___)| |_)| | | | | || (_| |  ) ) ) )
  '  |____| .__|_| |_|_| |_\__, | / / / /
 =========|_|==============|___/=/_/_/_/

?[32m :: Spring Boot :: ?[39m              ?[2m (v3.4.4)?[0;39m

?[2m2025-04-20T22:56:09.198+09:00?[0;39m ?[32m INFO?[0;39m ?[35m9060?[0;39m ?[2m--- [    Test worker] ?[0;39m?[36mo.d.n.product.ProductReviewRepoTests    ?[0;39m ?[2m:?[0;39m Starting ProductReviewRepoTests using Java 17.0.13 with PID 9060 (started by user in C:\reactex\nailshop)
?[2m2025-04-20T22:56:09.198+09:00?[0;39m ?[32m INFO?[0;39m ?[35m9060?[0;39m ?[2m--- [    Test worker] ?[0;39m?[36mo.d.n.product.ProductReviewRepoTests    ?[0;39m ?[2m:?[0;39m No active profile set, falling back to 1 default profile: "default"
?[2m2025-04-20T22:56:09.982+09:00?[0;39m ?[32m INFO?[0;39m ?[35m9060?[0;39m ?[2m--- [    Test worker] ?[0;39m?[36m.s.d.r.c.RepositoryConfigurationDelegate?[0;39m ?[2m:?[0;39m Bootstrapping Spring Data JPA repositories in DEFAULT mode.
?[2m2025-04-20T22:56:10.064+09:00?[0;39m ?[32m INFO?[0;39m ?[35m9060?[0;39m ?[2m--- [    Test worker] ?[0;39m?[36m.s.d.r.c.RepositoryConfigurationDelegate?[0;39m ?[2m:?[0;39m Finished Spring Data repository scanning in 65 ms. Found 3 JPA repository interfaces.
?[2m2025-04-20T22:56:10.709+09:00?[0;39m ?[32m INFO?[0;39m ?[35m9060?[0;39m ?[2m--- [    Test worker] ?[0;39m?[36mo.hibernate.jpa.internal.util.LogHelper ?[0;39m ?[2m:?[0;39m HHH000204: Processing PersistenceUnitInfo [name: default]
?[2m2025-04-20T22:56:10.776+09:00?[0;39m ?[32m INFO?[0;39m ?[35m9060?[0;39m ?[2m--- [    Test worker] ?[0;39m?[36morg.hibernate.Version                   ?[0;39m ?[2m:?[0;39m HHH000412: Hibernate ORM core version 6.6.11.Final
?[2m2025-04-20T22:56:10.810+09:00?[0;39m ?[32m INFO?[0;39m ?[35m9060?[0;39m ?[2m--- [    Test worker] ?[0;39m?[36mo.h.c.internal.RegionFactoryInitiator   ?[0;39m ?[2m:?[0;39m HHH000026: Second-level cache disabled
?[2m2025-04-20T22:56:11.046+09:00?[0;39m ?[32m INFO?[0;39m ?[35m9060?[0;39m ?[2m--- [    Test worker] ?[0;39m?[36mo.s.o.j.p.SpringPersistenceUnitInfo     ?[0;39m ?[2m:?[0;39m No LoadTimeWeaver setup: ignoring JPA class transformer
?[2m2025-04-20T22:56:11.062+09:00?[0;39m ?[32m INFO?[0;39m ?[35m9060?[0;39m ?[2m--- [    Test worker] ?[0;39m?[36mcom.zaxxer.hikari.HikariDataSource      ?[0;39m ?[2m:?[0;39m HikariPool-1 - Starting...
?[2m2025-04-20T22:56:11.125+09:00?[0;39m ?[32m INFO?[0;39m ?[35m9060?[0;39m ?[2m--- [    Test worker] ?[0;39m?[36mcom.zaxxer.hikari.pool.HikariPool       ?[0;39m ?[2m:?[0;39m HikariPool-1 - Added connection org.mariadb.jdbc.Connection@76f9e000
?[2m2025-04-20T22:56:11.129+09:00?[0;39m ?[32m INFO?[0;39m ?[35m9060?[0;39m ?[2m--- [    Test worker] ?[0;39m?[36mcom.zaxxer.hikari.HikariDataSource      ?[0;39m ?[2m:?[0;39m HikariPool-1 - Start completed.
?[2m2025-04-20T22:56:11.172+09:00?[0;39m ?[32m INFO?[0;39m ?[35m9060?[0;39m ?[2m--- [    Test worker] ?[0;39m?[36morg.hibernate.orm.connections.pooling   ?[0;39m ?[2m:?[0;39m HHH10001005: Database info:
	Database JDBC URL [Connecting through datasource 'HikariDataSource (HikariPool-1)']
	Database driver: undefined/unknown
	Database version: 11.4.4
	Autocommit mode: undefined/unknown
	Isolation level: undefined/unknown
	Minimum pool size: undefined/unknown
	Maximum pool size: undefined/unknown
?[2m2025-04-20T22:56:12.052+09:00?[0;39m ?[32m INFO?[0;39m ?[35m9060?[0;39m ?[2m--- [    Test worker] ?[0;39m?[36mo.h.e.t.j.p.i.JtaPlatformInitiator      ?[0;39m ?[2m:?[0;39m HHH000489: No JTA platform available (set 'hibernate.transaction.jta.platform' to enable JTA platform integration)
?[2m2025-04-20T22:56:12.119+09:00?[0;39m ?[32m INFO?[0;39m ?[35m9060?[0;39m ?[2m--- [    Test worker] ?[0;39m?[36mj.LocalContainerEntityManagerFactoryBean?[0;39m ?[2m:?[0;39m Initialized JPA EntityManagerFactory for persistence unit 'default'
?[2m2025-04-20T22:56:12.481+09:00?[0;39m ?[32m INFO?[0;39m ?[35m9060?[0;39m ?[2m--- [    Test worker] ?[0;39m?[36mo.s.d.j.r.query.QueryEnhancerFactory    ?[0;39m ?[2m:?[0;39m Hibernate is in classpath; If applicable, HQL parser will be used.
?[2m2025-04-20T22:56:13.180+09:00?[0;39m ?[33m WARN?[0;39m ?[35m9060?[0;39m ?[2m--- [    Test worker] ?[0;39m?[36mJpaBaseConfiguration$JpaWebConfiguration?[0;39m ?[2m:?[0;39m spring.jpa.open-in-view is enabled by default. Therefore, database queries may be performed during view rendering. Explicitly configure spring.jpa.open-in-view to disable this warning
?[2m2025-04-20T22:56:13.219+09:00?[0;39m ?[32mTRACE?[0;39m ?[35m9060?[0;39m ?[2m--- [    Test worker] ?[0;39m?[36meGlobalAuthenticationAutowiredConfigurer?[0;39m ?[2m:?[0;39m Eagerly initializing {org.springframework.boot.autoconfigure.security.servlet.SpringBootWebSecurityConfiguration$WebSecurityEnablerConfiguration=org.springframework.boot.autoconfigure.security.servlet.SpringBootWebSecurityConfiguration$WebSecurityEnablerConfiguration@5c65001c}
?[2m2025-04-20T22:56:13.225+09:00?[0;39m ?[33m WARN?[0;39m ?[35m9060?[0;39m ?[2m--- [    Test worker] ?[0;39m?[36m.s.s.UserDetailsServiceAutoConfiguration?[0;39m ?[2m:?[0;39m 

Using generated security password: 2bc4a443-e514-422e-b4a9-29f8ed53037e

This generated password is for development use only. Your security configuration must be updated before running your application in production.

?[2m2025-04-20T22:56:13.260+09:00?[0;39m ?[32m INFO?[0;39m ?[35m9060?[0;39m ?[2m--- [    Test worker] ?[0;39m?[36mr$InitializeUserDetailsManagerConfigurer?[0;39m ?[2m:?[0;39m Global AuthenticationManager configured with UserDetailsService bean with name inMemoryUserDetailsManager
?[2m2025-04-20T22:56:13.327+09:00?[0;39m ?[32m INFO?[0;39m ?[35m9060?[0;39m ?[2m--- [    Test worker] ?[0;39m?[36mo.d.n.config.CustomSecurityConfig       ?[0;39m ?[2m:?[0;39m ------------------Security Config-----------------------
?[2m2025-04-20T22:56:13.380+09:00?[0;39m ?[32mDEBUG?[0;39m ?[35m9060?[0;39m ?[2m--- [    Test worker] ?[0;39m?[36mo.s.s.web.DefaultSecurityFilterChain    ?[0;39m ?[2m:?[0;39m Will secure any request with filters: DisableEncodeUrlFilter, WebAsyncManagerIntegrationFilter, SecurityContextHolderFilter, HeaderWriterFilter, CorsFilter, LogoutFilter, RequestCacheAwareFilter, SecurityContextHolderAwareRequestFilter, AnonymousAuthenticationFilter, SessionManagementFilter, ExceptionTranslationFilter
?[2m2025-04-20T22:56:14.065+09:00?[0;39m ?[32m INFO?[0;39m ?[35m9060?[0;39m ?[2m--- [    Test worker] ?[0;39m?[36mo.d.n.product.ProductReviewRepoTests    ?[0;39m ?[2m:?[0;39m Started ProductReviewRepoTests in 5.139 seconds (process running for 6.191)
Hibernate: 
    select
        pre1_0.rno,
        pre1_0.comment,
        pre1_0.mod_date,
        pre1_0.product_pno,
        pre1_0.reg_date,
        pre1_0.reviewer,
        pre1_0.score 
    from
        tbl_product_review pre1_0 
    where
        pre1_0.rno=?
Hibernate: 
    select
        i1_0.product_review_rno,
        i1_0.img_name,
        i1_0.ord 
    from
        tbl_review_img i1_0 
    where
        i1_0.product_review_rno=?
?[2m2025-04-20T22:56:14.570+09:00?[0;39m ?[32m INFO?[0;39m ?[35m9060?[0;39m ?[2m--- [    Test worker] ?[0;39m?[36mo.d.n.product.ProductReviewRepoTests    ?[0;39m ?[2m:?[0;39m Optional[ProductReviewEntity(rno=31, reviewer=user1, score=1, comment=Good, images=[ProductReviewImage(imgName=0_img0.jpg, ord=0), ProductReviewImage(imgName=0_img1.jpg, ord=1)])]
]]></system-out>
  <system-err><![CDATA[]]></system-err>
</testsuite>
