<?xml version="1.0" encoding="UTF-8"?>
<testsuite name="org.dal.nailshop.product.ProductRepoTests" tests="1" skipped="0" failures="0" errors="0" timestamp="2025-04-19T07:31:51.566Z" hostname="WIN-9JRO9RKHA2S" time="0.642">
  <properties/>
  <testcase name="testUpdateProduct()" classname="org.dal.nailshop.product.ProductRepoTests" time="0.642"/>
  <system-out><![CDATA[16:31:45.990 [Test worker] INFO org.springframework.test.context.support.AnnotationConfigContextLoaderUtils -- Could not detect default configuration classes for test class [org.dal.nailshop.product.ProductRepoTests]: ProductRepoTests does not declare any static, non-private, non-final, nested classes annotated with @Configuration.
16:31:46.115 [Test worker] INFO org.springframework.boot.test.context.SpringBootTestContextBootstrapper -- Found @SpringBootConfiguration org.dal.nailshop.NailshopApplication for test class org.dal.nailshop.product.ProductRepoTests

  .   ____          _            __ _ _
 /\\ / ___'_ __ _ _(_)_ __  __ _ \ \ \ \
( ( )\___ | '_ | '_| | '_ \/ _` | \ \ \ \
 \\/  ___)| |_)| | | | | || (_| |  ) ) ) )
  '  |____| .__|_| |_|_| |_\__, | / / / /
 =========|_|==============|___/=/_/_/_/

?[32m :: Spring Boot :: ?[39m              ?[2m (v3.4.4)?[0;39m

?[2m2025-04-19T16:31:46.618+09:00?[0;39m ?[32m INFO?[0;39m ?[35m15028?[0;39m ?[2m--- [    Test worker] ?[0;39m?[36mo.dal.nailshop.product.ProductRepoTests ?[0;39m ?[2m:?[0;39m Starting ProductRepoTests using Java 17.0.13 with PID 15028 (started by user in C:\reactex\nailshop)
?[2m2025-04-19T16:31:46.621+09:00?[0;39m ?[32m INFO?[0;39m ?[35m15028?[0;39m ?[2m--- [    Test worker] ?[0;39m?[36mo.dal.nailshop.product.ProductRepoTests ?[0;39m ?[2m:?[0;39m No active profile set, falling back to 1 default profile: "default"
?[2m2025-04-19T16:31:47.443+09:00?[0;39m ?[32m INFO?[0;39m ?[35m15028?[0;39m ?[2m--- [    Test worker] ?[0;39m?[36m.s.d.r.c.RepositoryConfigurationDelegate?[0;39m ?[2m:?[0;39m Bootstrapping Spring Data JPA repositories in DEFAULT mode.
?[2m2025-04-19T16:31:47.506+09:00?[0;39m ?[32m INFO?[0;39m ?[35m15028?[0;39m ?[2m--- [    Test worker] ?[0;39m?[36m.s.d.r.c.RepositoryConfigurationDelegate?[0;39m ?[2m:?[0;39m Finished Spring Data repository scanning in 54 ms. Found 3 JPA repository interfaces.
?[2m2025-04-19T16:31:48.184+09:00?[0;39m ?[32m INFO?[0;39m ?[35m15028?[0;39m ?[2m--- [    Test worker] ?[0;39m?[36mo.hibernate.jpa.internal.util.LogHelper ?[0;39m ?[2m:?[0;39m HHH000204: Processing PersistenceUnitInfo [name: default]
?[2m2025-04-19T16:31:48.256+09:00?[0;39m ?[32m INFO?[0;39m ?[35m15028?[0;39m ?[2m--- [    Test worker] ?[0;39m?[36morg.hibernate.Version                   ?[0;39m ?[2m:?[0;39m HHH000412: Hibernate ORM core version 6.6.11.Final
?[2m2025-04-19T16:31:48.311+09:00?[0;39m ?[32m INFO?[0;39m ?[35m15028?[0;39m ?[2m--- [    Test worker] ?[0;39m?[36mo.h.c.internal.RegionFactoryInitiator   ?[0;39m ?[2m:?[0;39m HHH000026: Second-level cache disabled
?[2m2025-04-19T16:31:48.549+09:00?[0;39m ?[32m INFO?[0;39m ?[35m15028?[0;39m ?[2m--- [    Test worker] ?[0;39m?[36mo.s.o.j.p.SpringPersistenceUnitInfo     ?[0;39m ?[2m:?[0;39m No LoadTimeWeaver setup: ignoring JPA class transformer
?[2m2025-04-19T16:31:48.581+09:00?[0;39m ?[32m INFO?[0;39m ?[35m15028?[0;39m ?[2m--- [    Test worker] ?[0;39m?[36mcom.zaxxer.hikari.HikariDataSource      ?[0;39m ?[2m:?[0;39m HikariPool-1 - Starting...
?[2m2025-04-19T16:31:48.629+09:00?[0;39m ?[32m INFO?[0;39m ?[35m15028?[0;39m ?[2m--- [    Test worker] ?[0;39m?[36mcom.zaxxer.hikari.pool.HikariPool       ?[0;39m ?[2m:?[0;39m HikariPool-1 - Added connection org.mariadb.jdbc.Connection@540212be
?[2m2025-04-19T16:31:48.629+09:00?[0;39m ?[32m INFO?[0;39m ?[35m15028?[0;39m ?[2m--- [    Test worker] ?[0;39m?[36mcom.zaxxer.hikari.HikariDataSource      ?[0;39m ?[2m:?[0;39m HikariPool-1 - Start completed.
?[2m2025-04-19T16:31:48.690+09:00?[0;39m ?[32m INFO?[0;39m ?[35m15028?[0;39m ?[2m--- [    Test worker] ?[0;39m?[36morg.hibernate.orm.connections.pooling   ?[0;39m ?[2m:?[0;39m HHH10001005: Database info:
	Database JDBC URL [Connecting through datasource 'HikariDataSource (HikariPool-1)']
	Database driver: undefined/unknown
	Database version: 11.4.4
	Autocommit mode: undefined/unknown
	Isolation level: undefined/unknown
	Minimum pool size: undefined/unknown
	Maximum pool size: undefined/unknown
?[2m2025-04-19T16:31:49.568+09:00?[0;39m ?[32m INFO?[0;39m ?[35m15028?[0;39m ?[2m--- [    Test worker] ?[0;39m?[36mo.h.e.t.j.p.i.JtaPlatformInitiator      ?[0;39m ?[2m:?[0;39m HHH000489: No JTA platform available (set 'hibernate.transaction.jta.platform' to enable JTA platform integration)
?[2m2025-04-19T16:31:49.616+09:00?[0;39m ?[32m INFO?[0;39m ?[35m15028?[0;39m ?[2m--- [    Test worker] ?[0;39m?[36mj.LocalContainerEntityManagerFactoryBean?[0;39m ?[2m:?[0;39m Initialized JPA EntityManagerFactory for persistence unit 'default'
?[2m2025-04-19T16:31:49.934+09:00?[0;39m ?[32m INFO?[0;39m ?[35m15028?[0;39m ?[2m--- [    Test worker] ?[0;39m?[36mo.s.d.j.r.query.QueryEnhancerFactory    ?[0;39m ?[2m:?[0;39m Hibernate is in classpath; If applicable, HQL parser will be used.
?[2m2025-04-19T16:31:50.647+09:00?[0;39m ?[33m WARN?[0;39m ?[35m15028?[0;39m ?[2m--- [    Test worker] ?[0;39m?[36mJpaBaseConfiguration$JpaWebConfiguration?[0;39m ?[2m:?[0;39m spring.jpa.open-in-view is enabled by default. Therefore, database queries may be performed during view rendering. Explicitly configure spring.jpa.open-in-view to disable this warning
?[2m2025-04-19T16:31:50.688+09:00?[0;39m ?[32mTRACE?[0;39m ?[35m15028?[0;39m ?[2m--- [    Test worker] ?[0;39m?[36meGlobalAuthenticationAutowiredConfigurer?[0;39m ?[2m:?[0;39m Eagerly initializing {org.springframework.boot.autoconfigure.security.servlet.SpringBootWebSecurityConfiguration$WebSecurityEnablerConfiguration=org.springframework.boot.autoconfigure.security.servlet.SpringBootWebSecurityConfiguration$WebSecurityEnablerConfiguration@772a370d}
?[2m2025-04-19T16:31:50.694+09:00?[0;39m ?[33m WARN?[0;39m ?[35m15028?[0;39m ?[2m--- [    Test worker] ?[0;39m?[36m.s.s.UserDetailsServiceAutoConfiguration?[0;39m ?[2m:?[0;39m 

Using generated security password: 9c213117-5d7a-4662-9186-9c30ad2fbda2

This generated password is for development use only. Your security configuration must be updated before running your application in production.

?[2m2025-04-19T16:31:50.714+09:00?[0;39m ?[32m INFO?[0;39m ?[35m15028?[0;39m ?[2m--- [    Test worker] ?[0;39m?[36mr$InitializeUserDetailsManagerConfigurer?[0;39m ?[2m:?[0;39m Global AuthenticationManager configured with UserDetailsService bean with name inMemoryUserDetailsManager
?[2m2025-04-19T16:31:50.778+09:00?[0;39m ?[32m INFO?[0;39m ?[35m15028?[0;39m ?[2m--- [    Test worker] ?[0;39m?[36mo.d.n.config.CustomSecurityConfig       ?[0;39m ?[2m:?[0;39m ------------------Security Config-----------------------
?[2m2025-04-19T16:31:50.841+09:00?[0;39m ?[32mDEBUG?[0;39m ?[35m15028?[0;39m ?[2m--- [    Test worker] ?[0;39m?[36mo.s.s.web.DefaultSecurityFilterChain    ?[0;39m ?[2m:?[0;39m Will secure any request with filters: DisableEncodeUrlFilter, WebAsyncManagerIntegrationFilter, SecurityContextHolderFilter, HeaderWriterFilter, CorsFilter, LogoutFilter, RequestCacheAwareFilter, SecurityContextHolderAwareRequestFilter, AnonymousAuthenticationFilter, SessionManagementFilter, ExceptionTranslationFilter
?[2m2025-04-19T16:31:51.553+09:00?[0;39m ?[32m INFO?[0;39m ?[35m15028?[0;39m ?[2m--- [    Test worker] ?[0;39m?[36mo.dal.nailshop.product.ProductRepoTests ?[0;39m ?[2m:?[0;39m Started ProductRepoTests in 5.25 seconds (process running for 6.3)
Hibernate: 
    select
        pe1_0.pno,
        i1_0.product_pno,
        i1_0.img_name,
        i1_0.ord,
        pe1_0.mod_date,
        pe1_0.pdesc,
        pe1_0.pname,
        pe1_0.price,
        pe1_0.reg_date 
    from
        tbl_product pe1_0 
    left join
        tbl_product_img i1_0 
            on pe1_0.pno=i1_0.product_pno 
    where
        pe1_0.pno=?
Hibernate: 
    update
        tbl_product 
    set
        mod_date=?,
        pdesc=?,
        pname=?,
        price=? 
    where
        pno=?
Hibernate: 
    delete 
    from
        tbl_product_img 
    where
        product_pno=?
Hibernate: 
    insert 
    into
        tbl_product_img
        (product_pno, img_name, ord) 
    values
        (?, ?, ?)
Hibernate: 
    insert 
    into
        tbl_product_img
        (product_pno, img_name, ord) 
    values
        (?, ?, ?)
Hibernate: 
    select
        pe1_0.pno,
        i1_0.product_pno,
        i1_0.img_name,
        i1_0.ord,
        pe1_0.mod_date,
        pe1_0.pdesc,
        pe1_0.pname,
        pe1_0.price,
        pe1_0.reg_date 
    from
        tbl_product pe1_0 
    left join
        tbl_product_img i1_0 
            on pe1_0.pno=i1_0.product_pno 
    where
        pe1_0.pno=?
]]></system-out>
  <system-err><![CDATA[]]></system-err>
</testsuite>
